TN:
SF:script/LegionAccessControl.s.sol
FN:8,LegionAccessControlScript.setUp
FNDA:0,LegionAccessControlScript.setUp
FN:10,LegionAccessControlScript.run
FNDA:0,LegionAccessControlScript.run
DA:11,0
DA:11,0
DA:11,0
DA:12,0
DA:12,0
DA:12,0
DA:13,0
DA:13,0
DA:13,0
DA:14,0
DA:14,0
DA:16,0
DA:16,0
DA:16,0
DA:18,0
DA:18,0
FNF:2
FNH:0
LF:6
LH:0
BRF:0
BRH:0
end_of_record
TN:
SF:script/LegionAddressRegistry.s.sol
FN:8,LegionAddressRegistryScript.setUp
FNDA:0,LegionAddressRegistryScript.setUp
FN:10,LegionAddressRegistryScript.run
FNDA:0,LegionAddressRegistryScript.run
DA:11,0
DA:11,0
DA:11,0
DA:12,0
DA:12,0
DA:12,0
DA:13,0
DA:13,0
DA:15,0
DA:15,0
DA:15,0
DA:17,0
DA:17,0
FNF:2
FNH:0
LF:5
LH:0
BRF:0
BRH:0
end_of_record
TN:
SF:script/LegionSaleFactory.s.sol
FN:8,LegionSaleFactoryScript.setUp
FNDA:0,LegionSaleFactoryScript.setUp
FN:10,LegionSaleFactoryScript.run
FNDA:0,LegionSaleFactoryScript.run
DA:11,0
DA:11,0
DA:11,0
DA:12,0
DA:12,0
DA:12,0
DA:13,0
DA:13,0
DA:15,0
DA:15,0
DA:15,0
DA:17,0
DA:17,0
FNF:2
FNH:0
LF:5
LH:0
BRF:0
BRH:0
end_of_record
TN:
SF:script/LegionVestingFactory.s.sol
FN:8,LegionVestingFactoryScript.setUp
FNDA:0,LegionVestingFactoryScript.setUp
FN:10,LegionVestingFactoryScript.run
FNDA:0,LegionVestingFactoryScript.run
DA:11,0
DA:11,0
DA:11,0
DA:12,0
DA:12,0
DA:12,0
DA:13,0
DA:13,0
DA:15,0
DA:15,0
DA:15,0
DA:17,0
DA:17,0
FNF:2
FNH:0
LF:5
LH:0
BRF:0
BRH:0
end_of_record
TN:
SF:src/LegionAccessControl.sol
FN:38,LegionAccessControl.
FNDA:4,LegionAccessControl.
DA:40,4
DA:40,4
DA:43,2
DA:43,2
FN:49,LegionAccessControl.functionCall
FNDA:2,LegionAccessControl.functionCall
DA:50,1
DA:50,1
FNF:2
FNH:2
LF:3
LH:3
BRF:0
BRH:0
end_of_record
TN:
SF:src/LegionAddressRegistry.sol
FN:33,LegionAddressRegistry.
FNDA:5,LegionAddressRegistry.
FN:38,LegionAddressRegistry.setLegionAddress
FNDA:4,LegionAddressRegistry.setLegionAddress
DA:40,3
DA:40,3
DA:43,3
DA:43,3
DA:46,3
DA:46,3
FN:52,LegionAddressRegistry.getLegionAddress
FNDA:2,LegionAddressRegistry.getLegionAddress
DA:53,2
DA:53,2
FNF:3
FNH:3
LF:4
LH:4
BRF:0
BRH:0
end_of_record
TN:
SF:src/LegionBaseSale.sol
FN:128,LegionBaseSale.onlyLegion
FNDA:70,LegionBaseSale.onlyLegion
DA:129,70
DA:129,70
BRDA:129,0,0,2
BRDA:129,0,1,2
DA:129,2
FN:136,LegionBaseSale.onlyProject
FNDA:30,LegionBaseSale.onlyProject
DA:137,30
DA:137,30
BRDA:137,1,0,1
BRDA:137,1,1,26
DA:137,2
FN:144,LegionBaseSale.askTokenAvailable
FNDA:40,LegionBaseSale.askTokenAvailable
DA:145,40
DA:145,40
DA:145,40
BRDA:145,2,0,2
BRDA:145,2,1,18
DA:145,2
FN:152,LegionBaseSale.
FNDA:32,LegionBaseSale.
DA:154,32
DA:154,32
FN:160,LegionBaseSale.requestRefund
FNDA:10,LegionBaseSale.requestRefund
DA:162,10
DA:162,10
DA:165,8
DA:165,8
DA:168,6
DA:168,6
DA:171,4
DA:171,4
DA:174,4
DA:174,4
BRDA:174,3,0,2
BRDA:174,3,1,2
DA:174,2
DA:177,2
DA:177,2
DA:180,2
DA:180,2
DA:183,2
DA:183,2
DA:186,2
DA:186,2
FN:192,LegionBaseSale.withdrawCapital
FNDA:30,LegionBaseSale.withdrawCapital
DA:194,28
DA:194,28
DA:197,26
DA:197,26
DA:200,22
DA:200,22
DA:203,20
DA:203,20
DA:203,20
BRDA:203,4,0,20
BRDA:203,4,1,18
DA:205,20
DA:205,20
DA:209,18
DA:209,18
DA:212,18
DA:212,18
DA:212,18
DA:215,18
DA:215,18
DA:218,18
DA:218,18
DA:221,18
DA:221,18
BRDA:221,5,0,16
BRDA:221,5,1,18
DA:221,16
FN:227,LegionBaseSale.claimTokenAllocation
FNDA:20,LegionBaseSale.claimTokenAllocation
DA:229,18
DA:229,18
DA:232,16
DA:232,16
DA:235,10
DA:235,10
DA:238,8
DA:238,8
DA:241,6
DA:241,6
DA:244,6
DA:244,6
BRDA:244,6,0,6
BRDA:244,6,1,6
DA:246,6
DA:246,6
DA:246,6
DA:254,6
DA:254,6
DA:257,6
DA:257,6
DA:260,6
DA:260,6
FN:267,LegionBaseSale.claimExcessCapital
FNDA:14,LegionBaseSale.claimExcessCapital
DA:269,14
DA:269,14
DA:272,12
DA:272,12
DA:275,10
DA:275,10
DA:278,4
DA:278,4
DA:280,4
DA:280,4
BRDA:280,7,0,4
BRDA:280,7,1,4
DA:282,4
DA:282,4
DA:285,4
DA:285,4
DA:288,4
DA:288,4
DA:291,4
DA:291,4
FN:298,LegionBaseSale.releaseTokens
FNDA:6,LegionBaseSale.releaseTokens
DA:300,4
DA:300,4
DA:303,4
DA:303,4
DA:303,4
BRDA:303,8,0,2
BRDA:303,8,1,2
DA:303,2
DA:306,2
DA:306,2
FN:312,LegionBaseSale.supplyTokens
FNDA:42,LegionBaseSale.supplyTokens
DA:314,38
DA:314,38
DA:317,34
DA:317,34
DA:320,32
DA:320,32
DA:323,30
DA:323,30
DA:326,30
DA:326,30
DA:326,30
BRDA:326,9,0,2
BRDA:326,9,1,28
DA:326,2
DA:329,28
DA:329,28
DA:332,28
DA:332,28
DA:335,28
DA:335,28
BRDA:335,10,0,26
BRDA:335,10,1,28
DA:335,26
FN:341,LegionBaseSale.publishExcessCapitalResults
FNDA:22,LegionBaseSale.publishExcessCapitalResults
DA:343,20
DA:343,20
DA:346,18
DA:346,18
DA:349,16
DA:349,16
DA:352,14
DA:352,14
DA:355,14
DA:355,14
FN:361,LegionBaseSale.cancelSale
FNDA:27,LegionBaseSale.cancelSale
DA:364,26
DA:364,26
DA:367,24
DA:367,24
DA:370,22
DA:370,22
DA:373,22
DA:373,22
FN:379,LegionBaseSale.cancelExpiredSale
FNDA:20,LegionBaseSale.cancelExpiredSale
DA:381,20
DA:381,20
DA:384,18
DA:384,18
DA:386,16
DA:386,16
DA:386,16
BRDA:386,11,0,12
BRDA:386,11,1,4
DA:388,12
DA:388,12
DA:391,4
DA:391,4
DA:395,12
DA:395,12
DA:398,12
DA:398,12
FN:404,LegionBaseSale.claimBackCapitalIfCanceled
FNDA:6,LegionBaseSale.claimBackCapitalIfCanceled
DA:406,6
DA:406,6
DA:409,4
DA:409,4
DA:412,4
DA:412,4
BRDA:412,12,0,2
BRDA:412,12,1,2
DA:412,2
DA:415,2
DA:415,2
DA:418,2
DA:418,2
DA:421,2
DA:421,2
DA:424,2
DA:424,2
FN:430,LegionBaseSale.emergencyWithdraw
FNDA:4,LegionBaseSale.emergencyWithdraw
DA:432,2
DA:432,2
DA:435,2
DA:435,2
FN:448,LegionBaseSale._createVesting
FNDA:6,LegionBaseSale._createVesting
DA:455,6
DA:455,6
FN:467,LegionBaseSale._verifyCanClaimTokenAllocation
FNDA:16,LegionBaseSale._verifyCanClaimTokenAllocation
DA:473,16
DA:473,16
DA:473,16
DA:476,16
DA:476,16
DA:479,16
DA:479,16
BRDA:479,13,0,2
BRDA:479,13,1,14
DA:479,2
DA:482,14
BRDA:482,14,0,2
BRDA:482,14,1,12
DA:482,2
DA:485,12
DA:485,12
BRDA:485,15,0,2
BRDA:485,15,1,10
DA:485,2
FN:495,LegionBaseSale._verifyCanClaimExcessCapital
FNDA:10,LegionBaseSale._verifyCanClaimExcessCapital
DA:501,10
DA:501,10
DA:501,10
DA:504,10
DA:504,10
DA:507,10
DA:507,10
BRDA:507,16,0,2
BRDA:507,16,1,8
DA:507,2
DA:510,8
BRDA:510,17,0,2
BRDA:510,17,1,6
DA:510,2
DA:513,6
DA:513,6
BRDA:513,18,0,2
BRDA:513,18,1,4
DA:513,2
FN:521,LegionBaseSale._verifyMinimumPledgeAmount
FNDA:291,LegionBaseSale._verifyMinimumPledgeAmount
DA:522,291
DA:522,291
BRDA:522,19,0,2
BRDA:522,19,1,289
DA:522,2
FN:528,LegionBaseSale._verifySaleHasEnded
FNDA:38,LegionBaseSale._verifySaleHasEnded
DA:529,38
DA:529,38
BRDA:529,20,0,6
BRDA:529,20,1,32
DA:529,6
FN:535,LegionBaseSale._verifySaleHasNotEnded
FNDA:295,LegionBaseSale._verifySaleHasNotEnded
DA:536,295
DA:536,295
BRDA:536,21,0,2
BRDA:536,21,1,293
DA:536,2
FN:542,LegionBaseSale._verifyRefundPeriodIsOver
FNDA:130,LegionBaseSale._verifyRefundPeriodIsOver
DA:543,130
DA:543,130
BRDA:543,22,0,4
BRDA:543,22,1,126
DA:543,4
FN:549,LegionBaseSale._verifyRefundPeriodIsNotOver
FNDA:10,LegionBaseSale._verifyRefundPeriodIsNotOver
DA:550,10
DA:550,10
BRDA:550,23,0,2
BRDA:550,23,1,8
DA:550,2
FN:556,LegionBaseSale._verifyLockupPeriodIsOver
FNDA:28,LegionBaseSale._verifyLockupPeriodIsOver
DA:557,28
DA:557,28
BRDA:557,24,0,4
BRDA:557,24,1,24
DA:557,4
FN:563,LegionBaseSale._verifySaleResultsArePublished
FNDA:40,LegionBaseSale._verifySaleResultsArePublished
DA:564,40
DA:564,40
BRDA:564,25,0,4
BRDA:564,25,1,36
DA:564,4
FN:570,LegionBaseSale._verifySaleResultsNotPublished
FNDA:30,LegionBaseSale._verifySaleResultsNotPublished
DA:571,30
DA:571,30
BRDA:571,26,0,4
BRDA:571,26,1,26
DA:571,4
FN:579,LegionBaseSale._verifyCanSupplyTokens
FNDA:38,LegionBaseSale._verifyCanSupplyTokens
DA:581,38
DA:581,38
BRDA:581,27,0,2
BRDA:581,27,1,36
DA:581,2
DA:584,36
DA:584,36
BRDA:584,28,0,2
BRDA:584,28,1,34
DA:584,2
FN:590,LegionBaseSale._verifyCanPublishSaleResults
FNDA:98,LegionBaseSale._verifyCanPublishSaleResults
DA:591,98
DA:591,98
BRDA:591,29,0,1
BRDA:591,29,1,97
DA:591,1
FN:597,LegionBaseSale._verifyCanPublishExcessCapitalResults
FNDA:16,LegionBaseSale._verifyCanPublishExcessCapitalResults
DA:598,16
DA:598,16
DA:598,16
BRDA:598,30,0,2
BRDA:598,30,1,14
DA:598,2
FN:604,LegionBaseSale._verifySaleNotCanceled
FNDA:552,LegionBaseSale._verifySaleNotCanceled
DA:605,552
BRDA:605,31,0,23
BRDA:605,31,1,529
DA:605,23
FN:611,LegionBaseSale._verifySaleIsCanceled
FNDA:6,LegionBaseSale._verifySaleIsCanceled
DA:612,6
DA:612,6
BRDA:612,32,0,2
BRDA:612,32,1,4
DA:612,2
FN:618,LegionBaseSale._verifyTokensNotSupplied
FNDA:44,LegionBaseSale._verifyTokensNotSupplied
DA:619,44
BRDA:619,33,0,4
BRDA:619,33,1,40
DA:619,4
FN:625,LegionBaseSale._verifyTokensSupplied
FNDA:20,LegionBaseSale._verifyTokensSupplied
DA:626,20
DA:626,20
BRDA:626,34,0,2
BRDA:626,34,1,18
DA:626,2
FN:634,LegionBaseSale._verifyLegionSignature
FNDA:301,LegionBaseSale._verifyLegionSignature
DA:635,301
DA:635,301
DA:635,301
DA:636,301
DA:636,301
DA:636,301
BRDA:636,35,0,2
BRDA:636,35,1,299
DA:636,2
FNF:34
FNH:34
LF:107
LH:107
BRF:72
BRH:72
end_of_record
TN:
SF:src/LegionFixedPriceSale.sol
FN:53,LegionFixedPriceSale.initialize
FNDA:84,LegionFixedPriceSale.initialize
DA:58,81
DA:58,81
DA:59,81
DA:59,81
DA:60,81
DA:60,81
DA:61,81
DA:61,81
DA:62,81
DA:62,81
DA:63,81
DA:63,81
DA:64,81
DA:64,81
DA:65,81
DA:65,81
DA:66,81
DA:66,81
DA:67,81
DA:67,81
DA:68,81
DA:68,81
DA:71,81
DA:71,81
DA:72,81
DA:72,81
DA:73,81
DA:73,81
DA:74,81
DA:74,81
DA:75,81
DA:75,81
DA:76,81
DA:76,81
DA:79,81
DA:79,81
DA:80,81
DA:80,81
DA:81,81
DA:81,81
DA:82,81
DA:82,81
DA:83,81
DA:83,81
DA:88,81
DA:88,81
BRDA:87,0,0,3
BRDA:87,0,1,78
DA:91,3
DA:91,3
DA:94,78
DA:94,78
DA:98,81
DA:98,81
DA:101,81
DA:101,81
FN:107,LegionFixedPriceSale.pledgeCapital
FNDA:144,LegionFixedPriceSale.pledgeCapital
DA:109,144
DA:109,144
DA:112,143
DA:112,143
DA:115,142
DA:115,142
DA:118,141
DA:118,141
DA:121,140
DA:121,140
DA:124,139
DA:124,139
DA:127,139
DA:127,139
DA:130,139
DA:130,139
DA:130,139
DA:133,139
DA:133,139
DA:136,139
DA:136,139
FN:142,LegionFixedPriceSale.publishSaleResults
FNDA:34,LegionFixedPriceSale.publishSaleResults
DA:144,33
DA:144,33
DA:147,32
DA:147,32
DA:150,31
DA:150,31
DA:153,30
DA:153,30
DA:156,30
DA:156,30
DA:159,30
DA:159,30
DA:162,30
DA:162,30
FN:168,LegionFixedPriceSale.salePeriodAndFeeConfiguration
FNDA:2,LegionFixedPriceSale.salePeriodAndFeeConfiguration
DA:174,2
DA:174,2
FN:192,LegionFixedPriceSale.saleAddressConfiguration
FNDA:2,LegionFixedPriceSale.saleAddressConfiguration
DA:194,2
DA:194,2
FN:201,LegionFixedPriceSale.saleStatus
FNDA:80,LegionFixedPriceSale.saleStatus
DA:203,80
DA:203,80
FN:224,LegionFixedPriceSale._isPrefund
FNDA:139,LegionFixedPriceSale._isPrefund
DA:225,139
DA:225,139
FN:231,LegionFixedPriceSale._verifyNotPrefundAllocationPeriod
FNDA:143,LegionFixedPriceSale._verifyNotPrefundAllocationPeriod
DA:232,143
DA:232,143
DA:232,143
DA:232,5
BRDA:232,1,0,1
BRDA:232,1,1,142
DA:232,1
FN:241,LegionFixedPriceSale._verifyValidConfig
FNDA:81,LegionFixedPriceSale._verifyValidConfig
DA:247,81
DA:247,81
DA:247,81
DA:247,81
DA:247,81
DA:247,81
DA:247,81
DA:248,79
DA:248,79
DA:248,79
DA:249,79
DA:249,79
DA:249,79
DA:250,79
DA:250,79
DA:250,79
DA:251,79
DA:251,79
DA:251,79
BRDA:246,2,0,2
BRDA:246,2,1,79
DA:252,2
DA:252,2
DA:256,79
DA:256,79
DA:256,79
DA:256,79
DA:256,79
DA:256,79
DA:256,79
DA:257,77
DA:257,77
DA:258,77
DA:258,77
DA:259,77
DA:259,77
DA:260,77
DA:260,77
DA:261,77
DA:261,77
BRDA:255,3,0,2
BRDA:255,3,1,77
DA:262,2
DA:262,2
DA:266,77
DA:266,77
DA:266,77
DA:266,77
DA:266,77
DA:266,77
DA:267,76
DA:267,76
DA:268,76
DA:268,76
DA:269,76
DA:269,76
DA:270,76
DA:270,76
BRDA:265,4,0,1
BRDA:265,4,1,76
DA:271,1
DA:271,1
DA:275,76
DA:275,76
DA:275,76
DA:275,76
DA:275,76
DA:275,76
DA:276,75
DA:276,75
DA:277,75
DA:277,75
DA:278,75
DA:278,75
DA:279,75
DA:279,75
BRDA:274,5,0,1
BRDA:274,5,1,75
DA:280,1
DA:280,1
FNF:9
FNH:9
LF:74
LH:74
BRF:12
BRH:12
end_of_record
TN:
SF:src/LegionLinearVesting.sol
FN:37,LegionLinearVesting.onlyCliffEnded
FNDA:5,LegionLinearVesting.onlyCliffEnded
DA:38,5
DA:38,5
BRDA:38,0,0,1
BRDA:38,0,1,1
DA:38,1
FN:45,LegionLinearVesting.
FNDA:8,LegionLinearVesting.
DA:47,8
DA:47,8
FN:57,LegionLinearVesting.initialize
FNDA:19,LegionLinearVesting.initialize
DA:62,16
DA:62,16
DA:65,16
DA:65,16
FN:71,LegionLinearVesting.release
FNDA:2,LegionLinearVesting.release
DA:72,1
DA:72,1
FN:78,LegionLinearVesting.release
FNDA:5,LegionLinearVesting.release
DA:79,4
DA:79,4
FN:85,LegionLinearVesting.cliffEnd
FNDA:2,LegionLinearVesting.cliffEnd
DA:86,2
DA:86,2
FNF:6
FNH:6
LF:7
LH:7
BRF:2
BRH:2
end_of_record
TN:
SF:src/LegionPreLiquidSale.sol
FN:102,LegionPreLiquidSale.onlyLegion
FNDA:17,LegionPreLiquidSale.onlyLegion
DA:103,17
DA:103,17
BRDA:103,0,0,1
BRDA:103,0,1,1
DA:103,1
FN:110,LegionPreLiquidSale.onlyProject
FNDA:10,LegionPreLiquidSale.onlyProject
DA:111,10
DA:111,10
BRDA:111,1,0,1
BRDA:111,1,1,4
DA:111,1
FN:118,LegionPreLiquidSale.
FNDA:18,LegionPreLiquidSale.
DA:120,16
DA:120,16
FN:126,LegionPreLiquidSale.initialize
FNDA:68,LegionPreLiquidSale.initialize
DA:128,65
DA:128,65
DA:129,65
DA:129,65
DA:130,65
DA:130,65
DA:131,65
DA:131,65
DA:132,65
DA:132,65
DA:133,65
DA:133,65
DA:134,65
DA:134,65
DA:135,65
DA:135,65
DA:136,65
DA:136,65
DA:137,65
DA:137,65
DA:138,65
DA:138,65
DA:141,65
DA:141,65
DA:144,65
DA:144,65
FN:150,LegionPreLiquidSale.invest
FNDA:46,LegionPreLiquidSale.invest
DA:158,46
DA:158,46
DA:161,45
DA:161,45
DA:164,44
DA:164,44
DA:167,44
DA:167,44
DA:170,44
DA:170,44
DA:173,44
DA:173,44
BRDA:173,2,0,44
BRDA:173,2,1,44
DA:174,44
DA:174,44
DA:178,44
DA:178,44
BRDA:178,3,0,44
BRDA:178,3,1,44
DA:179,44
DA:179,44
DA:183,44
DA:183,44
BRDA:183,4,0,44
BRDA:183,4,1,44
DA:184,44
DA:184,44
DA:188,44
DA:188,44
BRDA:188,5,0,44
BRDA:188,5,1,44
DA:189,44
DA:189,44
DA:193,44
DA:193,44
DA:196,42
DA:196,42
DA:199,42
DA:199,42
FN:205,LegionPreLiquidSale.refund
FNDA:5,LegionPreLiquidSale.refund
DA:207,5
DA:207,5
DA:210,4
DA:210,4
DA:213,3
DA:213,3
DA:216,3
DA:216,3
DA:219,3
DA:219,3
BRDA:219,6,0,1
BRDA:219,6,1,2
DA:219,1
DA:222,2
DA:222,2
DA:225,2
DA:225,2
DA:228,2
DA:228,2
DA:231,2
DA:231,2
FN:237,LegionPreLiquidSale.publishTgeDetails
FNDA:17,LegionPreLiquidSale.publishTgeDetails
DA:244,16
DA:244,16
DA:247,15
DA:247,15
DA:250,14
DA:250,14
DA:253,14
DA:253,14
DA:256,14
DA:256,14
DA:259,14
DA:259,14
DA:262,14
BRDA:262,7,0,14
BRDA:262,7,1,14
DA:262,14
DA:265,14
DA:265,14
FN:271,LegionPreLiquidSale.supplyAskTokens
FNDA:12,LegionPreLiquidSale.supplyAskTokens
DA:273,12
DA:273,12
DA:276,11
DA:276,11
DA:279,8
DA:279,8
DA:279,8
BRDA:279,8,0,1
BRDA:279,8,1,7
DA:279,1
DA:282,7
DA:282,7
DA:285,7
DA:285,7
DA:288,7
DA:288,7
DA:291,7
DA:291,7
BRDA:291,9,0,7
BRDA:291,9,1,7
DA:291,7
FN:297,LegionPreLiquidSale.updateSAFTMerkleRoot
FNDA:8,LegionPreLiquidSale.updateSAFTMerkleRoot
DA:299,7
DA:299,7
DA:302,6
DA:302,6
DA:305,5
DA:305,5
DA:308,5
DA:308,5
FN:314,LegionPreLiquidSale.updateVestingTerms
FNDA:5,LegionPreLiquidSale.updateVestingTerms
DA:320,4
DA:320,4
DA:323,3
DA:323,3
DA:326,2
DA:326,2
DA:329,1
DA:329,1
DA:332,1
DA:332,1
DA:335,1
DA:335,1
DA:338,1
DA:338,1
FN:344,LegionPreLiquidSale.emergencyWithdraw
FNDA:2,LegionPreLiquidSale.emergencyWithdraw
DA:346,1
DA:346,1
DA:349,1
DA:349,1
FN:355,LegionPreLiquidSale.withdrawRaisedCapital
FNDA:10,LegionPreLiquidSale.withdrawRaisedCapital
DA:357,9
DA:357,9
DA:360,8
DA:360,8
DA:360,13
DA:360,5
DA:362,8
DA:362,8
DA:365,7
DA:365,7
DA:368,5
DA:368,5
DA:371,5
DA:371,5
DA:374,5
DA:374,5
DA:378,5
DA:378,5
DA:381,5
DA:381,5
DA:381,5
DA:384,5
DA:384,5
DA:387,5
DA:387,5
DA:390,5
DA:390,5
BRDA:390,10,0,5
BRDA:390,10,1,5
DA:390,5
FN:396,LegionPreLiquidSale.claimAskTokenAllocation
FNDA:6,LegionPreLiquidSale.claimAskTokenAllocation
DA:398,6
DA:398,6
DA:401,6
DA:401,6
DA:404,3
DA:404,3
DA:407,3
DA:407,3
DA:407,3
DA:407,3
DA:410,3
DA:410,3
DA:410,3
DA:410,3
DA:413,3
DA:413,3
DA:413,3
DA:416,3
DA:416,3
DA:416,3
DA:421,3
DA:421,3
DA:424,3
DA:424,3
DA:427,3
DA:427,3
DA:430,3
DA:430,3
DA:432,3
DA:432,3
BRDA:432,11,0,3
BRDA:432,11,1,3
DA:434,3
DA:434,3
FN:441,LegionPreLiquidSale.cancelSale
FNDA:16,LegionPreLiquidSale.cancelSale
DA:443,15
DA:443,15
DA:446,14
DA:446,14
DA:449,14
DA:449,14
DA:452,14
DA:452,14
DA:455,14
DA:455,14
BRDA:455,12,0,1
BRDA:455,12,1,14
DA:457,1
DA:457,1
DA:459,1
DA:459,1
FN:466,LegionPreLiquidSale.withdrawCapitalIfSaleIsCanceled
FNDA:3,LegionPreLiquidSale.withdrawCapitalIfSaleIsCanceled
DA:468,3
DA:468,3
DA:471,2
DA:471,2
DA:474,2
DA:474,2
BRDA:474,13,0,1
BRDA:474,13,1,1
DA:474,1
DA:477,1
DA:477,1
DA:480,1
DA:480,1
DA:483,1
DA:483,1
DA:486,1
DA:486,1
FN:492,LegionPreLiquidSale.withdrawExcessCapital
FNDA:4,LegionPreLiquidSale.withdrawExcessCapital
DA:500,4
DA:500,4
DA:503,3
DA:503,3
DA:506,3
DA:506,3
DA:509,3
DA:509,3
DA:512,3
DA:512,3
BRDA:512,14,0,3
BRDA:512,14,1,3
DA:513,3
DA:513,3
DA:517,3
DA:517,3
BRDA:517,15,0,3
BRDA:517,15,1,3
DA:518,3
DA:518,3
DA:522,3
DA:522,3
BRDA:522,16,0,3
BRDA:522,16,1,3
DA:523,3
DA:523,3
DA:527,3
DA:527,3
DA:530,1
DA:530,1
DA:533,1
DA:533,1
FN:539,LegionPreLiquidSale.releaseTokens
FNDA:2,LegionPreLiquidSale.releaseTokens
DA:541,2
DA:541,2
DA:544,2
DA:544,2
DA:544,2
BRDA:544,17,0,1
BRDA:544,17,1,1
DA:544,1
DA:547,1
DA:547,1
FN:553,LegionPreLiquidSale.toggleInvestmentAccepted
FNDA:4,LegionPreLiquidSale.toggleInvestmentAccepted
DA:555,3
DA:555,3
DA:558,2
DA:558,2
DA:561,2
DA:561,2
FN:567,LegionPreLiquidSale.saleConfig
FNDA:2,LegionPreLiquidSale.saleConfig
DA:569,2
DA:569,2
FN:587,LegionPreLiquidSale.saleStatus
FNDA:2,LegionPreLiquidSale.saleStatus
DA:589,2
DA:589,2
FN:612,LegionPreLiquidSale._createVesting
FNDA:3,LegionPreLiquidSale._createVesting
DA:619,3
DA:619,3
FN:629,LegionPreLiquidSale._verifyValidConfig
FNDA:65,LegionPreLiquidSale._verifyValidConfig
DA:632,65
DA:632,65
DA:632,65
DA:632,65
DA:632,65
DA:632,65
DA:632,63
DA:632,63
DA:633,63
DA:633,63
DA:633,63
DA:633,63
DA:633,63
BRDA:631,18,0,2
BRDA:631,18,1,63
DA:634,2
DA:634,2
DA:637,63
DA:637,63
DA:637,63
DA:637,61
BRDA:637,19,0,2
BRDA:637,19,1,61
DA:638,2
DA:638,2
DA:642,61
DA:642,61
BRDA:642,20,0,1
BRDA:642,20,1,60
DA:642,1
FN:651,LegionPreLiquidSale._verifyCanInvestCapital
FNDA:44,LegionPreLiquidSale._verifyCanInvestCapital
DA:653,44
DA:653,44
DA:656,44
DA:656,44
DA:656,44
DA:670,44
BRDA:670,21,0,1
BRDA:670,21,1,43
DA:671,1
DA:671,1
DA:675,43
DA:675,43
BRDA:675,22,0,1
BRDA:675,22,1,42
DA:675,1
FN:678,LegionPreLiquidSale._verifyCanWithdrawInvestorPosition
FNDA:7,LegionPreLiquidSale._verifyCanWithdrawInvestorPosition
DA:680,7
DA:680,7
DA:683,7
DA:683,7
BRDA:683,23,0,1
BRDA:683,23,1,6
DA:683,1
DA:686,6
DA:686,6
BRDA:686,24,0,1
BRDA:686,24,1,5
DA:686,1
FN:694,LegionPreLiquidSale._verifyRefundPeriodIsNotOver
FNDA:4,LegionPreLiquidSale._verifyRefundPeriodIsNotOver
DA:696,4
DA:696,4
DA:699,4
DA:699,4
DA:699,4
BRDA:699,25,0,1
BRDA:699,25,1,3
DA:699,1
FN:707,LegionPreLiquidSale._verifyRefundPeriodIsOver
FNDA:8,LegionPreLiquidSale._verifyRefundPeriodIsOver
DA:709,8
DA:709,8
DA:712,8
DA:712,8
DA:712,8
BRDA:712,26,0,1
BRDA:712,26,1,7
DA:712,1
FN:720,LegionPreLiquidSale._verifyCanSupplyTokens
FNDA:11,LegionPreLiquidSale._verifyCanSupplyTokens
DA:722,11
DA:722,11
BRDA:722,27,0,1
BRDA:722,27,1,10
DA:722,1
DA:725,10
BRDA:725,28,0,1
BRDA:725,28,1,9
DA:725,1
DA:728,9
DA:728,9
BRDA:728,29,0,1
BRDA:728,29,1,8
DA:728,1
FN:734,LegionPreLiquidSale._verifyTokensNotAllocated
FNDA:5,LegionPreLiquidSale._verifyTokensNotAllocated
DA:736,5
DA:736,5
BRDA:736,30,0,2
BRDA:736,30,1,3
DA:736,2
FN:742,LegionPreLiquidSale._verifySaleNotCanceled
FNDA:124,LegionPreLiquidSale._verifySaleNotCanceled
DA:743,124
BRDA:743,31,0,9
BRDA:743,31,1,115
DA:743,9
FN:749,LegionPreLiquidSale._verifySaleIsCanceled
FNDA:3,LegionPreLiquidSale._verifySaleIsCanceled
DA:750,3
DA:750,3
BRDA:750,32,0,1
BRDA:750,32,1,2
DA:750,1
FN:756,LegionPreLiquidSale._verifyValidTotalSupply
FNDA:15,LegionPreLiquidSale._verifyValidTotalSupply
DA:757,15
DA:757,15
DA:757,15
BRDA:757,33,0,1
BRDA:757,33,1,14
DA:757,1
FN:763,LegionPreLiquidSale._verifyNoCapitalWithdrawn
FNDA:9,LegionPreLiquidSale._verifyNoCapitalWithdrawn
DA:764,9
DA:764,9
BRDA:764,34,0,2
BRDA:764,34,1,7
DA:764,2
FN:773,LegionPreLiquidSale._verifyCanWithdrawExcessCapital
FNDA:3,LegionPreLiquidSale._verifyCanWithdrawExcessCapital
DA:775,3
DA:775,3
DA:778,3
DA:778,3
DA:778,3
DA:792,3
DA:792,3
BRDA:792,35,0,1
BRDA:792,35,1,2
DA:793,1
DA:793,1
DA:797,2
DA:797,2
BRDA:797,36,0,1
BRDA:797,36,1,1
DA:797,1
FN:805,LegionPreLiquidSale._verifyCanClaimTokenAllocation
FNDA:6,LegionPreLiquidSale._verifyCanClaimTokenAllocation
DA:807,6
DA:807,6
DA:810,6
DA:810,6
BRDA:810,37,0,1
BRDA:810,37,1,5
DA:810,1
DA:813,5
BRDA:813,38,0,1
BRDA:813,38,1,4
DA:813,1
DA:816,4
DA:816,4
BRDA:816,39,0,1
BRDA:816,39,1,3
DA:816,1
FN:822,LegionPreLiquidSale._verifyInvestmentAccepted
FNDA:45,LegionPreLiquidSale._verifyInvestmentAccepted
DA:824,45
DA:824,45
BRDA:824,40,0,1
BRDA:824,40,1,44
DA:824,1
FNF:35
FNH:35
LF:166
LH:166
BRF:82
BRH:82
end_of_record
TN:
SF:src/LegionSaleFactory.sol
FN:46,LegionSaleFactory.
FNDA:36,LegionSaleFactory.
FN:51,LegionSaleFactory.createFixedPriceSale
FNDA:82,LegionSaleFactory.createFixedPriceSale
DA:56,81
DA:56,81
DA:59,81
DA:59,81
DA:64,81
DA:64,81
FN:72,LegionSaleFactory.createPreLiquidSale
FNDA:66,LegionSaleFactory.createPreLiquidSale
DA:78,65
DA:78,65
DA:81,65
DA:81,65
DA:84,65
DA:84,65
FN:90,LegionSaleFactory.createSealedBidAuction
FNDA:93,LegionSaleFactory.createSealedBidAuction
DA:95,92
DA:95,92
DA:98,92
DA:98,92
DA:103,92
DA:103,92
FNF:4
FNH:4
LF:9
LH:9
BRF:0
BRH:0
end_of_record
TN:
SF:src/LegionSealedBidAuction.sol
FN:48,LegionSealedBidAuction.initialize
FNDA:95,LegionSealedBidAuction.initialize
DA:53,92
DA:53,92
DA:54,92
DA:54,92
DA:55,92
DA:55,92
DA:56,92
DA:56,92
DA:57,92
DA:57,92
DA:58,92
DA:58,92
DA:59,92
DA:59,92
DA:60,92
DA:60,92
DA:61,92
DA:61,92
DA:64,92
DA:64,92
DA:65,92
DA:65,92
DA:66,92
DA:66,92
DA:67,92
DA:67,92
DA:68,92
DA:68,92
DA:69,92
DA:69,92
DA:72,92
DA:72,92
DA:73,92
DA:73,92
DA:74,92
DA:74,92
DA:79,92
DA:79,92
BRDA:78,0,0,3
BRDA:78,0,1,89
DA:83,3
DA:83,3
DA:86,89
DA:86,89
DA:90,92
DA:90,92
DA:93,92
DA:93,92
FN:99,LegionSealedBidAuction.pledgeCapital
FNDA:157,LegionSealedBidAuction.pledgeCapital
DA:101,157
DA:101,157
DA:104,156
DA:104,156
DA:105,156
DA:105,156
DA:108,156
DA:108,156
DA:111,155
DA:111,155
DA:114,153
DA:114,153
DA:117,152
DA:117,152
DA:120,151
DA:120,151
DA:123,150
DA:123,150
DA:126,150
DA:126,150
DA:129,150
DA:129,150
DA:132,150
DA:132,150
FN:138,LegionSealedBidAuction.initializePublishSaleResults
FNDA:40,LegionSealedBidAuction.initializePublishSaleResults
DA:140,39
DA:140,39
DA:143,38
DA:143,38
DA:146,37
DA:146,37
DA:149,36
DA:149,36
DA:152,36
DA:152,36
DA:155,36
DA:155,36
FN:161,LegionSealedBidAuction.publishSaleResults
FNDA:36,LegionSealedBidAuction.publishSaleResults
DA:168,35
DA:168,35
DA:171,34
DA:171,34
DA:174,33
DA:174,33
DA:177,33
DA:177,33
DA:180,31
DA:180,31
DA:183,31
DA:183,31
DA:186,31
DA:186,31
DA:189,31
DA:189,31
DA:192,31
DA:192,31
DA:195,31
DA:195,31
FN:201,LegionSealedBidAuction.cancelSale
FNDA:15,LegionSealedBidAuction.cancelSale
DA:203,14
DA:203,14
DA:206,12
DA:206,12
FN:212,LegionSealedBidAuction.salePeriodAndFeeConfiguration
FNDA:2,LegionSealedBidAuction.salePeriodAndFeeConfiguration
DA:218,2
DA:218,2
FN:234,LegionSealedBidAuction.saleAddressConfiguration
FNDA:2,LegionSealedBidAuction.saleAddressConfiguration
DA:240,2
DA:240,2
FN:247,LegionSealedBidAuction.saleStatus
FNDA:91,LegionSealedBidAuction.saleStatus
DA:249,91
DA:249,91
FN:269,LegionSealedBidAuction.decryptSealedBid
FNDA:5,LegionSealedBidAuction.decryptSealedBid
DA:271,5
DA:271,5
DA:274,4
DA:274,4
DA:274,4
FN:283,LegionSealedBidAuction._verifyValidConfig
FNDA:92,LegionSealedBidAuction._verifyValidConfig
DA:289,92
DA:289,92
DA:289,92
DA:289,92
DA:289,92
DA:289,92
DA:289,92
DA:290,90
DA:290,90
DA:290,90
DA:291,90
DA:291,90
DA:291,90
DA:292,90
DA:292,90
DA:292,90
DA:293,90
DA:293,90
DA:293,90
BRDA:288,1,0,2
BRDA:288,1,1,90
DA:294,2
DA:294,2
DA:298,90
DA:298,90
DA:298,90
DA:298,90
DA:299,88
DA:299,88
DA:300,88
DA:300,88
BRDA:297,2,0,2
BRDA:297,2,1,88
DA:301,2
DA:301,2
DA:304,88
DA:304,88
BRDA:304,3,0,1
BRDA:304,3,1,87
DA:304,1
DA:308,87
DA:308,87
DA:308,87
DA:308,87
DA:309,86
DA:309,86
DA:310,86
DA:310,86
BRDA:307,4,0,1
BRDA:307,4,1,86
DA:311,1
DA:311,1
DA:315,86
DA:315,86
DA:315,86
DA:315,86
DA:316,85
DA:316,85
DA:317,85
DA:317,85
BRDA:314,5,0,1
BRDA:314,5,1,85
DA:318,1
DA:318,1
FN:326,LegionSealedBidAuction._verifyValidPublicKey
FNDA:155,LegionSealedBidAuction._verifyValidPublicKey
DA:328,155
DA:328,155
BRDA:328,6,0,1
BRDA:328,6,1,154
DA:328,1
DA:332,154
DA:332,154
DA:332,154
DA:333,154
DA:333,154
BRDA:331,7,0,1
BRDA:331,7,1,153
DA:334,1
DA:334,1
FN:342,LegionSealedBidAuction._verifyValidPrivateKey
FNDA:33,LegionSealedBidAuction._verifyValidPrivateKey
DA:344,33
DA:344,33
BRDA:344,8,0,1
BRDA:344,8,1,32
DA:344,1
DA:347,32
DA:347,32
DA:347,32
DA:348,32
DA:348,32
DA:348,32
DA:348,31
BRDA:348,9,0,1
BRDA:348,9,1,31
DA:348,1
FN:354,LegionSealedBidAuction._verifyPrivateKeyIsPublished
FNDA:5,LegionSealedBidAuction._verifyPrivateKeyIsPublished
DA:355,5
DA:355,5
BRDA:355,10,0,1
BRDA:355,10,1,4
DA:355,1
FN:363,LegionSealedBidAuction._verifyValidSalt
FNDA:156,LegionSealedBidAuction._verifyValidSalt
DA:364,156
DA:364,156
DA:364,156
BRDA:364,11,0,1
BRDA:364,11,1,155
DA:364,1
FN:370,LegionSealedBidAuction._verifyCancelNotLocked
FNDA:50,LegionSealedBidAuction._verifyCancelNotLocked
DA:371,50
BRDA:371,12,0,2
BRDA:371,12,1,48
DA:371,2
FN:377,LegionSealedBidAuction._verifyCancelLocked
FNDA:34,LegionSealedBidAuction._verifyCancelLocked
DA:378,34
DA:378,34
BRDA:378,13,0,1
BRDA:378,13,1,33
DA:378,1
FNF:16
FNH:16
LF:88
LH:88
BRF:28
BRH:28
end_of_record
TN:
SF:src/LegionVestingFactory.sol
FN:34,LegionVestingFactory.createLinearVesting
FNDA:16,LegionVestingFactory.createLinearVesting
DA:41,16
DA:41,16
DA:44,16
DA:44,16
DA:47,16
DA:47,16
FNF:1
FNH:1
LF:3
LH:3
BRF:0
BRH:0
end_of_record
TN:
SF:src/lib/ECIES.sol
FN:32,ECIES.deriveSymmetricKey
FNDA:0,ECIES.deriveSymmetricKey
DA:33,329
DA:33,329
DA:33,329
FN:37,ECIES.recoverSharedSecret
FNDA:0,ECIES.recoverSharedSecret
DA:42,329
DA:42,329
BRDA:42,0,0,-
BRDA:42,0,1,329
DA:42,0
DA:45,329
DA:45,329
DA:45,329
DA:45,329
BRDA:45,1,0,-
BRDA:45,1,1,329
DA:45,0
DA:47,329
DA:47,329
DA:47,329
DA:49,329
DA:49,329
FN:59,ECIES.decrypt
FNDA:4,ECIES.decrypt
DA:67,4
DA:67,4
DA:67,4
DA:70,4
DA:70,4
DA:70,4
DA:73,4
DA:73,4
FN:83,ECIES.encrypt
FNDA:325,ECIES.encrypt
DA:91,325
DA:91,325
DA:95,325
DA:95,325
DA:95,325
DA:98,325
DA:98,325
DA:98,325
DA:101,325
DA:101,325
FN:107,ECIES.calcPubKey
FNDA:32,ECIES.calcPubKey
DA:112,357
DA:112,357
BRDA:112,2,0,-
BRDA:112,2,1,357
DA:112,0
DA:115,357
DA:115,357
DA:115,357
DA:115,357
BRDA:115,3,0,-
BRDA:115,3,1,357
DA:115,0
DA:117,357
DA:117,357
DA:117,357
FN:120,ECIES._ecMul
FNDA:686,ECIES._ecMul
DA:121,686
DA:121,686
DA:122,686
DA:122,686
DA:124,686
DA:124,686
DA:124,686
DA:124,686
BRDA:124,4,0,-
BRDA:124,4,1,686
DA:124,0
DA:126,686
DA:126,686
FN:131,ECIES.isOnBn128
FNDA:0,ECIES.isOnBn128
DA:133,929
DA:133,929
DA:133,929
DA:133,929
DA:133,929
FN:137,ECIES.isValid
FNDA:243,ECIES.isValid
DA:138,243
DA:138,243
DA:138,243
DA:138,243
DA:138,243
DA:138,241
DA:138,241
FN:141,ECIES._fieldmul
FNDA:2787,ECIES._fieldmul
DA:143,2787
DA:143,2787
FN:147,ECIES._fieldadd
FNDA:929,ECIES._fieldadd
DA:149,929
DA:149,929
FNF:10
FNH:7
LF:23
LH:23
BRF:10
BRH:5
end_of_record
TN:
SF:src/mocks/MockToken.sol
FN:8,MockToken.
FNDA:0,MockToken.
FN:10,MockToken.mint
FNDA:970,MockToken.mint
DA:11,970
DA:11,970
FNF:2
FNH:1
LF:1
LH:1
BRF:0
BRH:0
end_of_record
